{"logTime": "0329/015817", "correlationVector":"Qv6NXfBHww558D3PnQh2S3.2","action":"GetUpdates Response", "result":"SYNCER_OK", "context":Received 4 update(s). cV=Qv6NXfBHww558D3PnQh2S3.0;server=GENERAL01000016;cloudType=Consumer;environment=Prod_SoutheastAsia_000j;migrationStage=NotStarted}
{"logTime": "0329/015817", "correlationVector":"eRAKlYfKu5WjNJyJNtIIih","action":"Commit Request", "result":"", "context":Item count: 2
Contributing types: Sessions}
{"logTime": "0329/015818", "correlationVector":"eRAKlYfKu5WjNJyJNtIIih.1","action":"SyncServerConnectionManagerRequest", "result":"SYNC_SERVER_OK", "context":{"environment":"Prod_SoutheastAsia_000j", "migrationStage":"NotStarted", "server":"GENERAL0100000F"}}
{"logTime": "0329/015818", "correlationVector":"eRAKlYfKu5WjNJyJNtIIih.3","action":"Commit.Sessions", "result":"Success", "context":{"id":"12964642-c0e6-4565-95b1-37711bceb279", "isDeleted":"true", "size":"0", "version":"1680055096307"}}
{"logTime": "0329/015818", "correlationVector":"eRAKlYfKu5WjNJyJNtIIih.2","action":"Commit Response", "result":"SYNCER_OK", "context":Result: SYNCER_OK. cV=eRAKlYfKu5WjNJyJNtIIih.0;server=GENERAL0100000F;cloudType=Consumer;environment=Prod_SoutheastAsia_000j;migrationStage=NotStarted}
{"logTime": "0402/103234", "correlationVector":"BeZxBTb6wtdrmLrEr0WdiM.0","action":"FeedSettingFetch_homeCloud", "result":"0", "context":{}}
{"logTime": "0402/103234", "correlationVector":"BeZxBTb6wtdrmLrEr0WdiM.0","action":"SyncServerConnectionManagerRequest", "result":"SYNC_SERVER_OK", "context":{"environment":"", "migrationStage":"", "server":""}}
{"logTime": "0402/103234", "correlationVector":"QsECFlPfMdZPrcYOhxZkdP","action":"Initial GetUpdates", "result":"", "context":Reason: NEWLY_SUPPORTED_DATATYPE. cV=QsECFlPfMdZPrcYOhxZkdP}
{"logTime": "0402/103235", "correlationVector":"QsECFlPfMdZPrcYOhxZkdP.1","action":"SyncServerConnectionManagerRequest", "result":"SYNC_SERVER_OK", "context":{"environment":"Prod_SoutheastAsia_000j", "migrationStage":"NotStarted", "server":"GENERAL01000002"}}
{"logTime": "0402/103235", "correlationVector":"QsECFlPfMdZPrcYOhxZkdP.2","action":"GetUpdates", "result":"DeleteReceived", "context":{"id":"086cb2b6-f6a9-4812-a07c-4ef5fe9ab7b4", "isDeleted:":"true", "version":"1678019226560"}}
{"logTime": "0402/103235", "correlationVector":"QsECFlPfMdZPrcYOhxZkdP.3","action":"GetUpdates", "result":"DeleteReceived", "context":{"id":"05d8d715-f24a-4764-8e0e-08e03a1a5e42", "isDeleted:":"true", "version":"1678019243406"}}
{"logTime": "0402/103235", "correlationVector":"QsECFlPfMdZPrcYOhxZkdP.4","action":"GetUpdates", "result":"DeleteReceived", "context":{"id":"974a095d-e8a8-496f-a8be-5e10b1e5d42c", "isDeleted:":"true", "version":"1678019243407"}}
{"logTime": "0402/103235", "correlationVector":"QsECFlPfMdZPrcYOhxZkdP.5","action":"GetUpdates", "result":"DeleteReceived", "context":{"id":"67be6617-ee00-450f-a3ab-e15993e50e8e", "isDeleted:":"true", "version":"1678019246378"}}
{"logTime": "0402/103235", "correlationVector":"QsECFlPfMdZPrcYOhxZkdP.6","action":"GetUpdates", "result":"DeleteReceived", "context":{"id":"af291d36-233d-4086-bf9c-a75b57cb8d23", "isDeleted:":"true", "version":"1678019246379"}}
{"logTime": "0402/103235", "correlationVector":"QsECFlPfMdZPrcYOhxZkdP.7","action":"GetUpdates", "result":"DeleteReceived", "context":{"id":"9dcb9d5b-8e2e-4c4b-9e0b-dcbb8b332833", "isDeleted:":"true", "version":"1678019249147"}}
{"logTime": "0402/103235", "correlationVector":"QsECFlPfMdZPrcYOhxZkdP.8","action":"GetUpdates", "result":"DeleteReceived", "context":{"id":"bd490797-8657-4fd4-8983-bfe8f54fab6b", "isDeleted:":"true", "version":"1678019249148"}}
{"logTime": "0402/103235", "correlationVector":"QsECFlPfMdZPrcYOhxZkdP.9","action":"GetUpdates", "result":"DeleteReceived", "context":{"id":"f1b2ed7b-36fa-49cf-a6dd-9809348fb64e", "isDeleted:":"true", "version":"1678019251656"}}
{"logTime": "0402/103235", "correlationVector":"QsECFlPfMdZPrcYOhxZkdP.10","action":"GetUpdates", "result":"DeleteReceived", "context":{"id":"95984ce9-ee4c-4df0-a255-e180e1fb9bbe", "isDeleted:":"true", "version":"1678019251657"}}
{"logTime": "0402/103235", "correlationVector":"QsECFlPfMdZPrcYOhxZkdP.11","action":"GetUpdates", "result":"DeleteReceived", "context":{"id":"5f1ba4d3-ffd2-42bf-88e3-0cf47bc659c7", "isDeleted:":"true", "version":"1678019254588"}}
{"logTime": "0402/103235", "correlationVector":"QsECFlPfMdZPrcYOhxZkdP.12","action":"GetUpdates", "result":"DeleteReceived", "context":{"id":"d77664ac-22f2-4d62-a896-0c02664d6958", "isDeleted:":"true", "version":"1678019259595"}}
{"logTime": "0402/103235", "correlationVector":"QsECFlPfMdZPrcYOhxZkdP.13","action":"GetUpdates", "result":"DeleteReceived", "context":{"id":"b072bdec-c7a4-4e1c-8f83-663aadad4de9", "isDeleted:":"true", "version":"1678019259596"}}
{"logTime": "0402/103235", "correlationVector":"QsECFlPfMdZPrcYOhxZkdP.14","action":"GetUpdates", "result":"DeleteReceived", "context":{"id":"9d9529ff-2ee5-4e7e-b612-16c164ff90cf", "isDeleted:":"true", "version":"1678019259597"}}
{"logTime": "0402/103235", "correlationVector":"QsECFlPfMdZPrcYOhxZkdP.15","action":"GetUpdates", "result":"DeleteReceived", "context":{"id":"5439017e-a079-4f8b-91cc-6d27834ecfaf", "isDeleted:":"true", "version":"1678019259598"}}
{"logTime": "0402/103235", "correlationVector":"QsECFlPfMdZPrcYOhxZkdP.16","action":"GetUpdates", "result":"DeleteReceived", "context":{"id":"621bcf27-7ea0-4553-87ca-2f29cc19e0e0", "isDeleted:":"true", "version":"1678019259599"}}
{"logTime": "0402/103235", "correlationVector":"QsECFlPfMdZPrcYOhxZkdP.17","action":"GetUpdates", "result":"DeleteReceived", "context":{"id":"f634fe94-e0d0-4d71-aeaf-1328727e78bf", "isDeleted:":"true", "version":"1678019259600"}}
{"logTime": "0402/103235", "correlationVector":"QsECFlPfMdZPrcYOhxZkdP.18","action":"GetUpdates", "result":"DeleteReceived", "context":{"id":"391f03af-886f-48e0-8cce-edbdd03afa60", "isDeleted:":"true", "version":"1678019259601"}}
{"logTime": "0402/103235", "correlationVector":"QsECFlPfMdZPrcYOhxZkdP.19","action":"GetUpdates", "result":"DeleteReceived", "context":{"id":"e267e230-49c2-45a9-b17a-521c53d5ef12", "isDeleted:":"true", "version":"1678019259602"}}
{"logTime": "0402/103235", "correlationVector":"QsECFlPfMdZPrcYOhxZkdP.20","action":"GetUpdates", "result":"DeleteReceived", "context":{"id":"9c726bed-2ff0-4c06-adec-baa017742703", "isDeleted:":"true", "version":"1678019259603"}}
{"logTime": "0402/103235", "correlationVector":"QsECFlPfMdZPrcYOhxZkdP.21","action":"GetUpdates", "result":"DeleteReceived", "context":{"id":"783537a2-6073-41c6-a58c-7e82e4e74460", "isDeleted:":"true", "version":"1678019259604"}}
{"logTime": "0402/103235", "correlationVector":"QsECFlPfMdZPrcYOhxZkdP.22","action":"GetUpdates", "result":"DeleteReceived", "context":{"id":"b95d6eb8-c162-410e-be28-03208860ef6e", "isDeleted:":"true", "version":"1678019259605"}}
{"logTime": "0402/103235", "correlationVector":"QsECFlPfMdZPrcYOhxZkdP.23","action":"GetUpdates", "result":"DeleteReceived", "context":{"id":"a689c526-8745-4d97-9e5e-03ee115b1f9d", "isDeleted:":"true", "version":"1678019259606"}}
{"logTime": "0402/103235", "correlationVector":"QsECFlPfMdZPrcYOhxZkdP.24","action":"GetUpdates", "result":"DeleteReceived", "context":{"id":"80edff4d-6e78-4775-91a0-f4efc610060b", "isDeleted:":"true", "version":"1678019262526"}}
{"logTime": "0402/103235", "correlationVector":"QsECFlPfMdZPrcYOhxZkdP.25","action":"GetUpdates", "result":"DeleteReceived", "context":{"id":"ad3357d5-a778-45af-99d1-10e79a38a40d", "isDeleted:":"true", "version":"1678019262527"}}
{"logTime": "0402/103235", "correlationVector":"QsECFlPfMdZPrcYOhxZkdP.26","action":"GetUpdates", "result":"DeleteReceived", "context":{"id":"77d5d207-fa71-4ba1-b5a6-8042b9eef338", "isDeleted:":"true", "version":"1678019262528"}}
{"logTime": "0402/103235", "correlationVector":"QsECFlPfMdZPrcYOhxZkdP.27","action":"GetUpdates", "result":"DeleteReceived", "context":{"id":"e4d1c6ba-6d37-4eed-99aa-b3ecca6ec20b", "isDeleted:":"true", "version":"1678019262529"}}
{"logTime": "0402/103235", "correlationVector":"QsECFlPfMdZPrcYOhxZkdP.28","action":"GetUpdates", "result":"DeleteReceived", "context":{"id":"7895dfcc-ca8b-4d01-8ded-fbe75a4815fa", "isDeleted:":"true", "version":"1678019262530"}}
{"logTime": "0402/103235", "correlationVector":"QsECFlPfMdZPrcYOhxZkdP.29","action":"GetUpdates", "result":"DeleteReceived", "context":{"id":"1fbb647f-6b11-4c68-b3ab-8f4188ba841a", "isDeleted:":"true", "version":"1678019262531"}}
{"logTime": "0402/103235", "correlationVector":"QsECFlPfMdZPrcYOhxZkdP.30","action":"GetUpdates", "result":"DeleteReceived", "context":{"id":"9c1dd21f-2457-4f9f-b507-e0148d4c57f9", "isDeleted:":"true", "version":"1678019262532"}}
{"logTime": "0402/103235", "correlationVector":"QsECFlPfMdZPrcYOhxZkdP.31","action":"GetUpdates", "result":"DeleteReceived", "context":{"id":"09246285-4d69-438f-90fe-f0fd21e09693", "isDeleted:":"true", "version":"1678019262533"}}
{"logTime": "0402/103235", "correlationVector":"QsECFlPfMdZPrcYOhxZkdP.32","action":"GetUpdates", "result":"DeleteReceived", "context":{"id":"c5abc54b-a037-4be7-b116-0dcb807ef564", "isDeleted:":"true", "version":"1678019262534"}}
{"logTime": "0402/103235", "correlationVector":"QsECFlPfMdZPrcYOhxZkdP.33","action":"GetUpdates", "result":"DeleteReceived", "context":{"id":"71158d36-65a0-4125-9091-3a1349ca588f", "isDeleted:":"true", "version":"1678019262535"}}
{"logTime": "0402/103235", "correlationVector":"QsECFlPfMdZPrcYOhxZkdP.34","action":"GetUpdates", "result":"DeleteReceived", "context":{"id":"f1a7e594-63e7-4554-89c2-91d2ccbef097", "isDeleted:":"true", "version":"1678019262536"}}
{"logTime": "0402/103235", "correlationVector":"QsECFlPfMdZPrcYOhxZkdP.35","action":"GetUpdates", "result":"DeleteReceived", "context":{"id":"ac2c9229-b30c-4b24-8fdc-9ab11e72c066", "isDeleted:":"true", "version":"1678019262537"}}
{"logTime": "0402/103235", "correlationVector":"QsECFlPfMdZPrcYOhxZkdP.36","action":"GetUpdates", "result":"DeleteReceived", "context":{"id":"e8e92115-df8b-4491-839d-13769d895865", "isDeleted:":"true", "version":"1678019262538"}}
{"logTime": "0402/103235", "correlationVector":"QsECFlPfMdZPrcYOhxZkdP.37","action":"GetUpdates", "result":"DeleteReceived", "context":{"id":"24953b46-4cc9-4ae1-8216-910db8f13e04", "isDeleted:":"true", "version":"1678019262539"}}
{"logTime": "0402/103235", "correlationVector":"QsECFlPfMdZPrcYOhxZkdP.38","action":"GetUpdates", "result":"DeleteReceived", "context":{"id":"f594c2b4-e406-4de5-ab60-29bd5ed5caa3", "isDeleted:":"true", "version":"1678019262540"}}
{"logTime": "0402/103235", "correlationVector":"QsECFlPfMdZPrcYOhxZkdP.39","action":"GetUpdates", "result":"DeleteReceived", "context":{"id":"43a322aa-2931-4e59-a756-d8e96bacf668", "isDeleted:":"true", "version":"1678019262541"}}
{"logTime": "0402/103235", "correlationVector":"QsECFlPfMdZPrcYOhxZkdP.40","action":"GetUpdates", "result":"DeleteReceived", "context":{"id":"682a3a30-6cab-4f8d-a03b-d0dcdf1aa37d", "isDeleted:":"true", "version":"1678019262542"}}
{"logTime": "0402/103235", "correlationVector":"QsECFlPfMdZPrcYOhxZkdP.41","action":"GetUpdates", "result":"DeleteReceived", "context":{"id":"32d80654-39e5-4975-b6ca-81cc60dfca1b", "isDeleted:":"true", "version":"1678019262543"}}
{"logTime": "0402/103235", "correlationVector":"QsECFlPfMdZPrcYOhxZkdP.42","action":"GetUpdates", "result":"DeleteReceived", "context":{"id":"23290859-6ef7-4d59-a5cd-e4cf426e44f9", "isDeleted:":"true", "version":"1678019262544"}}
{"logTime": "0402/103235", "correlationVector":"QsECFlPfMdZPrcYOhxZkdP.43","action":"GetUpdates", "result":"DeleteReceived", "context":{"id":"b1560ebf-ba2c-45cf-a120-dc204ab78d2d", "isDeleted:":"true", "version":"1678019262545"}}
{"logTime": "0402/103235", "correlationVector":"QsECFlPfMdZPrcYOhxZkdP.44","action":"GetUpdates", "result":"DeleteReceived", "context":{"id":"185214ab-8f5f-4f1a-b0da-ed06387a8f3b", "isDeleted:":"true", "version":"1678019263740"}}
{"logTime": "0402/103235", "correlationVector":"QsECFlPfMdZPrcYOhxZkdP.45","action":"GetUpdates", "result":"DeleteReceived", "context":{"id":"1de39c9e-c01a-4f15-8264-4eacaae7354c", "isDeleted:":"true", "version":"1678019263741"}}
{"logTime": "0402/103235", "correlationVector":"QsECFlPfMdZPrcYOhxZkdP.46","action":"GetUpdates", "result":"DeleteReceived", "context":{"id":"31291f00-2f5c-4dd6-a0fe-3c1ebc1cbe8b", "isDeleted:":"true", "version":"1678019263742"}}
{"logTime": "0402/103235", "correlationVector":"QsECFlPfMdZPrcYOhxZkdP.47","action":"GetUpdates", "result":"DeleteReceived", "context":{"id":"9f735265-7bc4-4721-8b00-c1316785248c", "isDeleted:":"true", "version":"1678019263743"}}
{"logTime": "0402/103235", "correlationVector":"QsECFlPfMdZPrcYOhxZkdP.48","action":"GetUpdates", "result":"DeleteReceived", "context":{"id":"89c56814-88eb-49cb-b552-377d7e7af6de", "isDeleted:":"true", "version":"1678019263744"}}
{"logTime": "0402/103235", "correlationVector":"QsECFlPfMdZPrcYOhxZkdP.49","action":"GetUpdates", "result":"DeleteReceived", "context":{"id":"8a4dffd4-9008-4719-b0c6-48feda3d13b5", "isDeleted:":"true", "version":"1678019263745"}}
{"logTime": "0402/103235", "correlationVector":"QsECFlPfMdZPrcYOhxZkdP.50","action":"GetUpdates", "result":"DeleteReceived", "context":{"id":"e2221c48-b884-485a-848a-8e7db92f14ca", "isDeleted:":"true", "version":"1678019263746"}}
{"logTime": "0402/103235", "correlationVector":"QsECFlPfMdZPrcYOhxZkdP.51","action":"GetUpdates", "result":"DeleteReceived", "context":{"id":"314a9c9d-992a-4bb3-b33f-8b215943d0c4", "isDeleted:":"true", "version":"1678019263747"}}
{"logTime": "0402/103235", "correlationVector":"QsECFlPfMdZPrcYOhxZkdP.52","action":"GetUpdates", "result":"DeleteReceived", "context":{"id":"70ef899e-6eec-4909-aa65-c1b34015618c", "isDeleted:":"true", "version":"1678019263748"}}
{"logTime": "0402/103235", "correlationVector":"QsECFlPfMdZPrcYOhxZkdP.53","action":"GetUpdates", "result":"DeleteReceived", "context":{"id":"abefabff-ae29-4150-8d34-7f1fa647b3d0", "isDeleted:":"true", "version":"1678019263749"}}
{"logTime": "0402/103235", "correlationVector":"QsECFlPfMdZPrcYOhxZkdP.54","action":"GetUpdates", "result":"DeleteReceived", "context":{"id":"97685f3f-8f46-4cc6-a8a5-e4299af3416d", "isDeleted:":"true", "version":"1678019263750"}}
{"logTime": "0402/103235", "correlationVector":"QsECFlPfMdZPrcYOhxZkdP.55","action":"GetUpdates", "result":"DeleteReceived", "context":{"id":"3300217e-85c7-45a6-8ef1-b3103fc6b9c9", "isDeleted:":"true", "version":"1678019263751"}}
{"logTime": "0402/103235", "correlationVector":"QsECFlPfMdZPrcYOhxZkdP.56","action":"GetUpdates", "result":"DeleteReceived", "context":{"id":"c1658d87-9fbb-4594-8737-f9f50e529692", "isDeleted:":"true", "version":"1678019263752"}}
{"logTime": "0402/103235", "correlationVector":"QsECFlPfMdZPrcYOhxZkdP.57","action":"GetUpdates", "result":"DeleteReceived", "context":{"id":"a4354f9e-84ac-40b0-8009-2a5bacbdc008", "isDeleted:":"true", "version":"1678019263753"}}
{"logTime": "0402/103235", "correlationVector":"QsECFlPfMdZPrcYOhxZkdP.58","action":"GetUpdates", "result":"DeleteReceived", "context":{"id":"deac9ba0-6aba-42b5-8922-83e75d1b7913", "isDeleted:":"true", "version":"1678019263754"}}
{"logTime": "0402/103235", "correlationVector":"QsECFlPfMdZPrcYOhxZkdP.59","action":"GetUpdates", "result":"DeleteReceived", "context":{"id":"83e308c9-bf0a-442b-9671-59577c4cc346", "isDeleted:":"true", "version":"1678019263755"}}
{"logTime": "0402/103235", "correlationVector":"QsECFlPfMdZPrcYOhxZkdP.60","action":"GetUpdates", "result":"DeleteReceived", "context":{"id":"9aa858af-669f-4cb9-89c8-8f19b06c0493", "isDeleted:":"true", "version":"1678019263756"}}
{"logTime": "0402/103235", "correlationVector":"QsECFlPfMdZPrcYOhxZkdP.61","action":"GetUpdates", "result":"DeleteReceived", "context":{"id":"77c412bd-138b-474a-a71d-ebb11d7bfc11", "isDeleted:":"true", "version":"1678019263757"}}
{"logTime": "0402/103235", "correlationVector":"QsECFlPfMdZPrcYOhxZkdP.62","action":"GetUpdates", "result":"DeleteReceived", "context":{"id":"09106a0d-1b46-43df-8935-456939f3ea5e", "isDeleted:":"true", "version":"1678019263758"}}
{"logTime": "0402/103235", "correlationVector":"QsECFlPfMdZPrcYOhxZkdP.63","action":"GetUpdates", "result":"DeleteReceived", "context":{"id":"06436017-9f71-4520-815b-e99d94c091b4", "isDeleted:":"true", "version":"1678019263759"}}
{"logTime": "0402/103235", "correlationVector":"QsECFlPfMdZPrcYOhxZkdP.64","action":"GetUpdates", "result":"DeleteReceived", "context":{"id":"7ae1e266-f571-4656-8ce0-81ee3ebf9bfd", "isDeleted:":"true", "version":"1678019264806"}}
{"logTime": "0402/103235", "correlationVector":"QsECFlPfMdZPrcYOhxZkdP.65","action":"GetUpdates", "result":"DeleteReceived", "context":{"id":"77b7b999-f3c0-49c7-a883-7b5135bd525b", "isDeleted:":"true", "version":"1678019264807"}}
{"logTime": "0402/103235", "correlationVector":"QsECFlPfMdZPrcYOhxZkdP.66","action":"GetUpdates", "result":"DeleteReceived", "context":{"id":"e41ced45-39ab-4178-a577-fa39a85fb955", "isDeleted:":"true", "version":"1678019264808"}}
{"logTime": "0402/103235", "correlationVector":"QsECFlPfMdZPrcYOhxZkdP.67","action":"GetUpdates", "result":"DeleteReceived", "context":{"id":"c32d3a80-d10b-48ff-a5f2-adcc1f7f69da", "isDeleted:":"true", "version":"1678019264809"}}
{"logTime": "0402/103235", "correlationVector":"QsECFlPfMdZPrcYOhxZkdP.68","action":"GetUpdates", "result":"DeleteReceived", "context":{"id":"44f2c9d7-4f38-4561-9eb5-a0409ae6f466", "isDeleted:":"true", "version":"1678019264810"}}
{"logTime": "0402/103235", "correlationVector":"QsECFlPfMdZPrcYOhxZkdP.69","action":"GetUpdates", "result":"DeleteReceived", "context":{"id":"e57b3790-94aa-46ca-915a-e8ca65c18dee", "isDeleted:":"true", "version":"1678019264811"}}
{"logTime": "0402/103235", "correlationVector":"QsECFlPfMdZPrcYOhxZkdP.70","action":"GetUpdates", "result":"DeleteReceived", "context":{"id":"98c69a6d-0bb2-4b1f-a1ad-60e7fa46954b", "isDeleted:":"true", "version":"1678019264812"}}
{"logTime": "0402/103235", "correlationVector":"QsECFlPfMdZPrcYOhxZkdP.71","action":"GetUpdates", "result":"DeleteReceived", "context":{"id":"f75c1ce1-8c92-4fdb-b850-88de66798278", "isDeleted:":"true", "version":"1678019264813"}}
{"logTime": "0402/103235", "correlationVector":"QsECFlPfMdZPrcYOhxZkdP.72","action":"GetUpdates", "result":"DeleteReceived", "context":{"id":"4d114884-33ff-411e-8253-721df43d7858", "isDeleted:":"true", "version":"1678019264814"}}
{"logTime": "0402/103235", "correlationVector":"QsECFlPfMdZPrcYOhxZkdP.73","action":"GetUpdates", "result":"DeleteReceived", "context":{"id":"87960d3a-d0d0-4875-aa7f-d26e9fe0188f", "isDeleted:":"true", "version":"1678019264815"}}
{"logTime": "0402/103235", "correlationVector":"QsECFlPfMdZPrcYOhxZkdP.74","action":"GetUpdates", "result":"DeleteReceived", "context":{"id":"7934d383-cee1-4635-9994-047bacf8d30a", "isDeleted:":"true", "version":"1678019264816"}}
{"logTime": "0402/103235", "correlationVector":"QsECFlPfMdZPrcYOhxZkdP.75","action":"GetUpdates", "result":"DeleteReceived", "context":{"id":"b6b4f28d-623e-4f01-808d-9dc615b41e93", "isDeleted:":"true", "version":"1678019264817"}}
{"logTime": "0402/103235", "correlationVector":"QsECFlPfMdZPrcYOhxZkdP.76","action":"GetUpdates", "result":"DeleteReceived", "context":{"id":"6513991b-1b58-4f77-bc9e-1df17c6bcd5f", "isDeleted:":"true", "version":"1678019264818"}}
{"logTime": "0402/103235", "correlationVector":"QsECFlPfMdZPrcYOhxZkdP.77","action":"GetUpdates", "result":"DeleteReceived", "context":{"id":"183434c4-d816-4af6-9436-ea3b0316cc15", "isDeleted:":"true", "version":"1678019264819"}}
{"logTime": "0402/103235", "correlationVector":"QsECFlPfMdZPrcYOhxZkdP.78","action":"GetUpdates", "result":"DeleteReceived", "context":{"id":"c8af2309-f7d6-4f37-9be8-9f7b2ae4fb34", "isDeleted:":"true", "version":"1678019264820"}}
{"logTime": "0402/103235", "correlationVector":"QsECFlPfMdZPrcYOhxZkdP.79","action":"GetUpdates", "result":"DeleteReceived", "context":{"id":"b5b53d46-712f-43a9-b891-525f9970f490", "isDeleted:":"true", "version":"1678019264821"}}
{"logTime": "0402/103235", "correlationVector":"QsECFlPfMdZPrcYOhxZkdP.80","action":"GetUpdates", "result":"DeleteReceived", "context":{"id":"53102598-3b0c-48ee-bacb-72e5f7ff9cfb", "isDeleted:":"true", "version":"1678019264822"}}
{"logTime": "0402/103235", "correlationVector":"QsECFlPfMdZPrcYOhxZkdP.81","action":"GetUpdates", "result":"DeleteReceived", "context":{"id":"d0037242-85d4-411e-af44-ad13729a9ae5", "isDeleted:":"true", "version":"1678019264823"}}
{"logTime": "0402/103235", "correlationVector":"QsECFlPfMdZPrcYOhxZkdP.82","action":"GetUpdates", "result":"DeleteReceived", "context":{"id":"e9279c05-e45b-4d74-a3a9-93648265295a", "isDeleted:":"true", "version":"1678019264824"}}
{"logTime": "0402/103235", "correlationVector":"QsECFlPfMdZPrcYOhxZkdP.83","action":"GetUpdates", "result":"DeleteReceived", "context":{"id":"9f7d7a08-7458-4c3f-b6a4-45b2dda413cf", "isDeleted:":"true", "version":"1678019264825"}}
{"logTime": "0402/103235", "correlationVector":"QsECFlPfMdZPrcYOhxZkdP.84","action":"GetUpdates", "result":"DeleteReceived", "context":{"id":"d846fd9c-edb3-4d29-82e6-cbab353395c5", "isDeleted:":"true", "version":"1678019265862"}}
{"logTime": "0402/103235", "correlationVector":"QsECFlPfMdZPrcYOhxZkdP.85","action":"GetUpdates", "result":"DeleteReceived", "context":{"id":"806e5672-49dc-4cf8-a6bf-fb81cffde38f", "isDeleted:":"true", "version":"1678019265863"}}
{"logTime": "0402/103235", "correlationVector":"QsECFlPfMdZPrcYOhxZkdP.86","action":"GetUpdates", "result":"DeleteReceived", "context":{"id":"16b5b04a-38a6-4cbb-9535-d4e9108dd6bc", "isDeleted:":"true", "version":"1678019265864"}}
{"logTime": "0402/103235", "correlationVector":"QsECFlPfMdZPrcYOhxZkdP.87","action":"GetUpdates", "result":"DeleteReceived", "context":{"id":"f72319d8-6244-4d2c-a5a1-fb2c73836bf3", "isDeleted:":"true", "version":"1678019265865"}}
{"logTime": "0402/103235", "correlationVector":"QsECFlPfMdZPrcYOhxZkdP.88","action":"GetUpdates", "result":"DeleteReceived", "context":{"id":"a9d8334e-50fb-4c74-b7c7-447c525d330d", "isDeleted:":"true", "version":"1678019265866"}}
{"logTime": "0402/103235", "correlationVector":"QsECFlPfMdZPrcYOhxZkdP.89","action":"GetUpdates", "result":"DeleteReceived", "context":{"id":"5fb8cf96-f91e-4752-a964-522d29b7adcb", "isDeleted:":"true", "version":"1678019265867"}}
{"logTime": "0402/103235", "correlationVector":"QsECFlPfMdZPrcYOhxZkdP.90","action":"GetUpdates", "result":"DeleteReceived", "context":{"id":"10870183-ddef-4adc-bf31-9a2fe4a64b68", "isDeleted:":"true", "version":"1678019265868"}}
{"logTime": "0402/103235", "correlationVector":"QsECFlPfMdZPrcYOhxZkdP.91","action":"GetUpdates", "result":"DeleteReceived", "context":{"id":"80445daa-8c0b-40b4-9c70-1b5019622e91", "isDeleted:":"true", "version":"1678019265869"}}
{"logTime": "0402/103235", "correlationVector":"QsECFlPfMdZPrcYOhxZkdP.92","action":"GetUpdates", "result":"DeleteReceived", "context":{"id":"f990560f-884d-4a83-bdf9-8d06acde0cae", "isDeleted:":"true", "version":"1678019265870"}}
{"logTime": "0402/103235", "correlationVector":"QsECFlPfMdZPrcYOhxZkdP.93","action":"GetUpdates", "result":"DeleteReceived", "context":{"id":"e4717da1-362b-426a-a1a1-e0b807937a95", "isDeleted:":"true", "version":"1678019265871"}}
{"logTime": "0402/103235", "correlationVector":"QsECFlPfMdZPrcYOhxZkdP.94","action":"GetUpdates", "result":"DeleteReceived", "context":{"id":"1083fd64-06e3-428d-b6c8-5806d37df052", "isDeleted:":"true", "version":"1678019265872"}}
{"logTime": "0402/103235", "correlationVector":"QsECFlPfMdZPrcYOhxZkdP.95","action":"GetUpdates", "result":"DeleteReceived", "context":{"id":"3405d7c1-26ff-4489-96ab-73743b7f095b", "isDeleted:":"true", "version":"1678019265873"}}
{"logTime": "0402/103235", "correlationVector":"QsECFlPfMdZPrcYOhxZkdP.96","action":"GetUpdates", "result":"DeleteReceived", "context":{"id":"d892f0d1-dad6-4d10-a81f-7a90dad2eb1d", "isDeleted:":"true", "version":"1678019265874"}}
{"logTime": "0402/103235", "correlationVector":"QsECFlPfMdZPrcYOhxZkdP.97","action":"GetUpdates", "result":"DeleteReceived", "context":{"id":"aac95a6d-5dcd-4165-a321-15ad7080e855", "isDeleted:":"true", "version":"1678019265875"}}
{"logTime": "0402/103235", "correlationVector":"QsECFlPfMdZPrcYOhxZkdP.98","action":"GetUpdates", "result":"DeleteReceived", "context":{"id":"c386b684-56a2-48a6-903f-fed01753bbd6", "isDeleted:":"true", "version":"1678019265876"}}
{"logTime": "0402/103235", "correlationVector":"QsECFlPfMdZPrcYOhxZkdP.99","action":"GetUpdates", "result":"DeleteReceived", "context":{"id":"7ef6c09c-e7eb-4c8c-9240-9c8dc2769741", "isDeleted:":"true", "version":"1678019265877"}}
{"logTime": "0402/103235", "correlationVector":"QsECFlPfMdZPrcYOhxZkdP.100","action":"GetUpdates", "result":"DeleteReceived", "context":{"id":"c8c7d8e4-c6a4-450f-88b9-79cd9f7da5d4", "isDeleted:":"true", "version":"1678019265878"}}
{"logTime": "0402/103235", "correlationVector":"QsECFlPfMdZPrcYOhxZkdP.101","action":"GetUpdates", "result":"DeleteReceived", "context":{"id":"9f0a9f25-1bce-4902-955e-350f546cddae", "isDeleted:":"true", "version":"1678019265879"}}
{"logTime": "0402/103235", "correlationVector":"QsECFlPfMdZPrcYOhxZkdP.102","action":"GetUpdates", "result":"DeleteReceived", "context":{"id":"f4edf765-4a84-465b-8a55-57f08426e191", "isDeleted:":"true", "version":"1678019265880"}}
{"logTime": "0402/103235", "correlationVector":"QsECFlPfMdZPrcYOhxZkdP.103","action":"GetUpdates", "result":"DeleteReceived", "context":{"id":"408f7670-5c3f-4907-948b-b81099e38f85", "isDeleted:":"true", "version":"1678019265881"}}
{"logTime": "0402/103235", "correlationVector":"QsECFlPfMdZPrcYOhxZkdP.104","action":"GetUpdates", "result":"DeleteReceived", "context":{"id":"51d6b0d4-424b-4e16-b28b-9bbb2441c8a6", "isDeleted:":"true", "version":"1678019267008"}}
{"logTime": "0402/103235", "correlationVector":"QsECFlPfMdZPrcYOhxZkdP.105","action":"GetUpdates", "result":"DeleteReceived", "context":{"id":"d9e04007-28c9-471f-b66a-ead7e51a0183", "isDeleted:":"true", "version":"1678019267009"}}
{"logTime": "0402/103235", "correlationVector":"QsECFlPfMdZPrcYOhxZkdP.106","action":"GetUpdates", "result":"DeleteReceived", "context":{"id":"1117309a-6235-496d-b1d5-7d81ca6db96f", "isDeleted:":"true", "version":"1678019267010"}}
{"logTime": "0402/103235", "correlationVector":"QsECFlPfMdZPrcYOhxZkdP.107","action":"GetUpdates", "result":"DeleteReceived", "context":{"id":"f3128bf7-5b8d-4256-bead-c987696be341", "isDeleted:":"true", "version":"1678019267011"}}
{"logTime": "0402/103235", "correlationVector":"QsECFlPfMdZPrcYOhxZkdP.108","action":"GetUpdates", "result":"DeleteReceived", "context":{"id":"cfe0cb85-eed2-4d75-a0d3-a6b69e05d179", "isDeleted:":"true", "version":"1678019267012"}}
{"logTime": "0402/103235", "correlationVector":"QsECFlPfMdZPrcYOhxZkdP.109","action":"GetUpdates", "result":"DeleteReceived", "context":{"id":"fc840658-ddbc-443d-aed2-3fabdabf5809", "isDeleted:":"true", "version":"1678019267013"}}
{"logTime": "0402/103235", "correlationVector":"QsECFlPfMdZPrcYOhxZkdP.110","action":"GetUpdates", "result":"DeleteReceived", "context":{"id":"3e4ffa45-9783-41c5-ae19-b619439a8635", "isDeleted:":"true", "version":"1678019267014"}}
{"logTime": "0402/103235", "correlationVector":"QsECFlPfMdZPrcYOhxZkdP.111","action":"GetUpdates", "result":"DeleteReceived", "context":{"id":"33843c84-1a14-4542-b9ab-4073e647b2b8", "isDeleted:":"true", "version":"1678019267015"}}
{"logTime": "0402/103235", "correlationVector":"QsECFlPfMdZPrcYOhxZkdP.112","action":"GetUpdates", "result":"DeleteReceived", "context":{"id":"abc06fe4-99a5-4480-a667-1c212a4378c2", "isDeleted:":"true", "version":"1678019267016"}}
{"logTime": "0402/103235", "correlationVector":"QsECFlPfMdZPrcYOhxZkdP.113","action":"GetUpdates", "result":"DeleteReceived", "context":{"id":"5060869b-41de-411c-9979-d274a7f25ad9", "isDeleted:":"true", "version":"1678019267017"}}
{"logTime": "0402/103235", "correlationVector":"QsECFlPfMdZPrcYOhxZkdP.114","action":"GetUpdates", "result":"DeleteReceived", "context":{"id":"aefafeec-1e3a-4484-9929-f7c30539caa8", "isDeleted:":"true", "version":"1678019267018"}}
{"logTime": "0402/103235", "correlationVector":"QsECFlPfMdZPrcYOhxZkdP.115","action":"GetUpdates", "result":"DeleteReceived", "context":{"id":"975c17a8-f156-4cf4-a825-6bfd1456de16", "isDeleted:":"true", "version":"1678019267019"}}
{"logTime": "0402/103235", "correlationVector":"QsECFlPfMdZPrcYOhxZkdP.116","action":"GetUpdates", "result":"DeleteReceived", "context":{"id":"9ac50ff6-c328-49e3-b693-6ac061412c17", "isDeleted:":"true", "version":"1678019267020"}}
{"logTime": "0402/103235", "correlationVector":"QsECFlPfMdZPrcYOhxZkdP.117","action":"GetUpdates", "result":"DeleteReceived", "context":{"id":"19cfda64-7736-4030-b003-d20a2661c7df", "isDeleted:":"true", "version":"1678019267021"}}
{"logTime": "0402/103235", "correlationVector":"QsECFlPfMdZPrcYOhxZkdP.118","action":"GetUpdates", "result":"DeleteReceived", "context":{"id":"06278523-3b9e-4087-a62f-86a3cab61ffa", "isDeleted:":"true", "version":"1678019267022"}}
{"logTime": "0402/103235", "correlationVector":"QsECFlPfMdZPrcYOhxZkdP.119","action":"GetUpdates", "result":"DeleteReceived", "context":{"id":"864cf77a-929b-410e-88a2-b44a4411e46e", "isDeleted:":"true", "version":"1678019267023"}}
{"logTime": "0402/103235", "correlationVector":"QsECFlPfMdZPrcYOhxZkdP.120","action":"GetUpdates", "result":"DeleteReceived", "context":{"id":"36afbbce-e1f7-4e66-b43c-69e0be1b3c79", "isDeleted:":"true", "version":"1678019267024"}}
{"logTime": "0402/103235", "correlationVector":"QsECFlPfMdZPrcYOhxZkdP.121","action":"GetUpdates", "result":"DeleteReceived", "context":{"id":"658f88b7-c12f-4157-a6b6-16422f199185", "isDeleted:":"true", "version":"1678019267025"}}
{"logTime": "0402/103235", "correlationVector":"QsECFlPfMdZPrcYOhxZkdP.122","action":"GetUpdates", "result":"DeleteReceived", "context":{"id":"954aa833-0bf5-4613-be5d-b3a655bd3b42", "isDeleted:":"true", "version":"1678019267026"}}
{"logTime": "0402/103235", "correlationVector":"QsECFlPfMdZPrcYOhxZkdP.123","action":"GetUpdates", "result":"DeleteReceived", "context":{"id":"5e3ce553-ea96-4d50-a146-50f8fe0c7f2e", "isDeleted:":"true", "version":"1678019267027"}}
{"logTime": "0402/103235", "correlationVector":"QsECFlPfMdZPrcYOhxZkdP.124","action":"GetUpdates", "result":"DeleteReceived", "context":{"id":"d4fc29e3-4ded-4ba7-89bc-c3d2cef722d6", "isDeleted:":"true", "version":"1678019268105"}}
{"logTime": "0402/103235", "correlationVector":"QsECFlPfMdZPrcYOhxZkdP.125","action":"GetUpdates", "result":"DeleteReceived", "context":{"id":"81e29eda-5ab4-4686-b67a-f6d7feea2f62", "isDeleted:":"true", "version":"1678019268106"}}
{"logTime": "0402/103235", "correlationVector":"QsECFlPfMdZPrcYOhxZkdP.126","action":"GetUpdates", "result":"DeleteReceived", "context":{"id":"c8ad930b-68c1-4117-98eb-eff553362d01", "isDeleted:":"true", "version":"1678019268107"}}
{"logTime": "0402/103235", "correlationVector":"QsECFlPfMdZPrcYOhxZkdP.127","action":"GetUpdates", "result":"DeleteReceived", "context":{"id":"43302235-0047-4a4f-bf27-534f551e375a", "isDeleted:":"true", "version":"1678019268108"}}
{"logTime": "0402/103235", "correlationVector":"QsECFlPfMdZPrcYOhxZkdP.128","action":"GetUpdates", "result":"DeleteReceived", "context":{"id":"313db326-e3cc-418d-bf2b-04a9b804f74b", "isDeleted:":"true", "version":"1678019268109"}}
{"logTime": "0402/103235", "correlationVector":"QsECFlPfMdZPrcYOhxZkdP.129","action":"GetUpdates", "result":"DeleteReceived", "context":{"id":"f04e3158-9e08-41cd-9fb9-3fdd71784d93", "isDeleted:":"true", "version":"1678019268110"}}
{"logTime": "0402/103235", "correlationVector":"QsECFlPfMdZPrcYOhxZkdP.130","action":"GetUpdates", "result":"DeleteReceived", "context":{"id":"6c48c4ab-3007-4179-a780-fd3badb4e560", "isDeleted:":"true", "version":"1678019268111"}}
{"logTime": "0402/103235", "correlationVector":"QsECFlPfMdZPrcYOhxZkdP.131","action":"GetUpdates", "result":"DeleteReceived", "context":{"id":"a247b887-9205-4ba6-a15f-39ac1882335d", "isDeleted:":"true", "version":"1678019268112"}}
{"logTime": "0402/103235", "correlationVector":"QsECFlPfMdZPrcYOhxZkdP.132","action":"GetUpdates", "result":"DeleteReceived", "context":{"id":"1dc96b97-c2c5-4b04-b3ca-10dd3deac9d0", "isDeleted:":"true", "version":"1678019268113"}}
{"logTime": "0402/103235", "correlationVector":"QsECFlPfMdZPrcYOhxZkdP.133","action":"GetUpdates", "result":"DeleteReceived", "context":{"id":"b2352f4c-4066-4824-8c4e-a524e86f56d3", "isDeleted:":"true", "version":"1678019268114"}}
{"logTime": "0402/103235", "correlationVector":"QsECFlPfMdZPrcYOhxZkdP.134","action":"GetUpdates", "result":"DeleteReceived", "context":{"id":"ec49fcf2-4931-4408-8200-0a81ea407d4b", "isDeleted:":"true", "version":"1678019268115"}}
{"logTime": "0402/103235", "correlationVector":"QsECFlPfMdZPrcYOhxZkdP.135","action":"GetUpdates", "result":"DeleteReceived", "context":{"id":"84ca4eae-449a-44ff-ae29-1c8d93ad7533", "isDeleted:":"true", "version":"1678019268116"}}
{"logTime": "0402/103235", "correlationVector":"QsECFlPfMdZPrcYOhxZkdP.136","action":"GetUpdates", "result":"DeleteReceived", "context":{"id":"b6cd444f-36f8-4050-a1ea-ccf7fe668937", "isDeleted:":"true", "version":"1678019268117"}}
{"logTime": "0402/103235", "correlationVector":"QsECFlPfMdZPrcYOhxZkdP.137","action":"GetUpdates", "result":"DeleteReceived", "context":{"id":"e4c7ac72-eb61-4cfa-a03d-e39fb6289a4c", "isDeleted:":"true", "version":"1678019268118"}}
{"logTime": "0402/103235", "correlationVector":"QsECFlPfMdZPrcYOhxZkdP.138","action":"GetUpdates", "result":"DeleteReceived", "context":{"id":"3525f68c-c050-45c3-8316-72a727e1e173", "isDeleted:":"true", "version":"1678019268119"}}
{"logTime": "0402/103235", "correlationVector":"QsECFlPfMdZPrcYOhxZkdP.139","action":"GetUpdates", "result":"DeleteReceived", "context":{"id":"ae48b858-214b-40c1-a3c3-0243eb91c275", "isDeleted:":"true", "version":"1678019268120"}}
{"logTime": "0402/103235", "correlationVector":"QsECFlPfMdZPrcYOhxZkdP.140","action":"GetUpdates", "result":"DeleteReceived", "context":{"id":"ea42b21d-6051-44b0-9aa5-932338394e67", "isDeleted:":"true", "version":"1678019268121"}}
{"logTime": "0402/103235", "correlationVector":"QsECFlPfMdZPrcYOhxZkdP.141","action":"GetUpdates", "result":"DeleteReceived", "context":{"id":"c8a1b013-98f8-485c-98b6-c91f1b7c28a5", "isDeleted:":"true", "version":"1678019268122"}}
{"logTime": "0402/103235", "correlationVector":"QsECFlPfMdZPrcYOhxZkdP.142","action":"GetUpdates", "result":"DeleteReceived", "context":{"id":"1f7057cd-e7bc-4315-bd23-85b808d7bd73", "isDeleted:":"true", "version":"1678019268123"}}
{"logTime": "0402/103235", "correlationVector":"QsECFlPfMdZPrcYOhxZkdP.143","action":"GetUpdates", "result":"DeleteReceived", "context":{"id":"a5a08430-f0d1-4789-bb02-0391937b2dd9", "isDeleted:":"true", "version":"1678019268124"}}
{"logTime": "0402/103235", "correlationVector":"QsECFlPfMdZPrcYOhxZkdP.144","action":"GetUpdates", "result":"DeleteReceived", "context":{"id":"ba348d14-d565-499b-9e14-c1e7cf9501db", "isDeleted:":"true", "version":"1678019269141"}}
{"logTime": "0402/103235", "correlationVector":"QsECFlPfMdZPrcYOhxZkdP.145","action":"GetUpdates", "result":"DeleteReceived", "context":{"id":"85cd942e-a20b-41d3-9c4e-88fb310ce2fa", "isDeleted:":"true", "version":"1678019269142"}}
{"logTime": "0402/103235", "correlationVector":"QsECFlPfMdZPrcYOhxZkdP.146","action":"GetUpdates", "result":"DeleteReceived", "context":{"id":"c68c7dc8-d081-4de5-8119-e8b34da171f8", "isDeleted:":"true", "version":"1678019269143"}}
{"logTime": "0402/103235", "correlationVector":"QsECFlPfMdZPrcYOhxZkdP.147","action":"GetUpdates", "result":"DeleteReceived", "context":{"id":"832fddf7-34e5-4679-ba17-90eb27419056", "isDeleted:":"true", "version":"1678019269144"}}
{"logTime": "0402/103235", "correlationVector":"QsECFlPfMdZPrcYOhxZkdP.148","action":"GetUpdates", "result":"DeleteReceived", "context":{"id":"d2f25de4-449c-47ef-a0c1-d619bf20ddbe", "isDeleted:":"true", "version":"1678019269145"}}
{"logTime": "0402/103235", "correlationVector":"QsECFlPfMdZPrcYOhxZkdP.149","action":"GetUpdates", "result":"DeleteReceived", "context":{"id":"f38331d0-e296-45e1-b636-c3682c04f5ad", "isDeleted:":"true", "version":"1678019269146"}}
{"logTime": "0402/103235", "correlationVector":"QsECFlPfMdZPrcYOhxZkdP.150","action":"GetUpdates", "result":"DeleteReceived", "context":{"id":"f41a7dc6-afb2-4a10-a74a-25d6e0e13266", "isDeleted:":"true", "version":"1678019269147"}}
{"logTime": "0402/103235", "correlationVector":"QsECFlPfMdZPrcYOhxZkdP.151","action":"GetUpdates", "result":"DeleteReceived", "context":{"id":"921ad5c1-18c3-46dc-8f82-b7f96cc5416a", "isDeleted:":"true", "version":"1678019269148"}}
{"logTime": "0402/103235", "correlationVector":"QsECFlPfMdZPrcYOhxZkdP.152","action":"GetUpdates", "result":"DeleteReceived", "context":{"id":"98f6d0d4-a812-4ecb-8fd1-0e3f216df919", "isDeleted:":"true", "version":"1678019269149"}}
{"logTime": "0402/103235", "correlationVector":"QsECFlPfMdZPrcYOhxZkdP.153","action":"GetUpdates", "result":"DeleteReceived", "context":{"id":"f68d6ea4-1920-456b-a60e-79586fae8b82", "isDeleted:":"true", "version":"1678019269150"}}
{"logTime": "0402/103235", "correlationVector":"QsECFlPfMdZPrcYOhxZkdP.154","action":"GetUpdates", "result":"DeleteReceived", "context":{"id":"2c1dcb13-03b8-4b7f-8c64-92ad042f5b8e", "isDeleted:":"true", "version":"1678019269151"}}
{"logTime": "0402/103235", "correlationVector":"QsECFlPfMdZPrcYOhxZkdP.155","action":"GetUpdates", "result":"DeleteReceived", "context":{"id":"a4f756b3-33ff-4f2e-acfc-f5ca81cd26b8", "isDeleted:":"true", "version":"1678019269152"}}
{"logTime": "0402/103235", "correlationVector":"QsECFlPfMdZPrcYOhxZkdP.156","action":"GetUpdates", "result":"DeleteReceived", "context":{"id":"944b8945-3d58-4220-b357-ad1e2a44136c", "isDeleted:":"true", "version":"1678019269153"}}
{"logTime": "0402/103235", "correlationVector":"QsECFlPfMdZPrcYOhxZkdP.157","action":"GetUpdates", "result":"DeleteReceived", "context":{"id":"aef791d1-4011-42b3-90ca-f56c1680d8b6", "isDeleted:":"true", "version":"1678019269154"}}
{"logTime": "0402/103235", "correlationVector":"QsECFlPfMdZPrcYOhxZkdP.158","action":"GetUpdates", "result":"DeleteReceived", "context":{"id":"5930777e-2941-4db1-9514-3b9c2f7e16d5", "isDeleted:":"true", "version":"1678019269155"}}
{"logTime": "0402/103235", "correlationVector":"QsECFlPfMdZPrcYOhxZkdP.159","action":"GetUpdates", "result":"DeleteReceived", "context":{"id":"68720a69-3d8d-40a6-b480-114e6747e8a9", "isDeleted:":"true", "version":"1678019269156"}}
{"logTime": "0402/103235", "correlationVector":"QsECFlPfMdZPrcYOhxZkdP.160","action":"GetUpdates", "result":"DeleteReceived", "context":{"id":"527fdd49-106d-4c43-a32a-01c50f3bbc97", "isDeleted:":"true", "version":"1678019269157"}}
{"logTime": "0402/103235", "correlationVector":"QsECFlPfMdZPrcYOhxZkdP.161","action":"GetUpdates", "result":"DeleteReceived", "context":{"id":"7f9a82ff-3347-43e4-aa81-85e29292c5e9", "isDeleted:":"true", "version":"1678019269158"}}
{"logTime": "0402/103235", "correlationVector":"QsECFlPfMdZPrcYOhxZkdP.162","action":"GetUpdates", "result":"DeleteReceived", "context":{"id":"56025778-6381-4752-9337-79fcc9b7be53", "isDeleted:":"true", "version":"1678019269159"}}
{"logTime": "0402/103235", "correlationVector":"QsECFlPfMdZPrcYOhxZkdP.163","action":"GetUpdates", "result":"DeleteReceived", "context":{"id":"bb054c62-cf6e-48e1-901c-6251319f3ddd", "isDeleted:":"true", "version":"1678019269160"}}
{"logTime": "0402/103235", "correlationVector":"QsECFlPfMdZPrcYOhxZkdP.164","action":"GetUpdates", "result":"DeleteReceived", "context":{"id":"5a22605a-5713-4b3b-8bae-675234957f4c", "isDeleted:":"true", "version":"1678019270163"}}
{"logTime": "0402/103235", "correlationVector":"QsECFlPfMdZPrcYOhxZkdP.165","action":"GetUpdates", "result":"DeleteReceived", "context":{"id":"bc10bf8b-c324-4cd3-9cf4-31b54ca45c92", "isDeleted:":"true", "version":"1678019270164"}}
{"logTime": "0402/103235", "correlationVector":"QsECFlPfMdZPrcYOhxZkdP.166","action":"GetUpdates", "result":"DeleteReceived", "context":{"id":"6389730f-94eb-4b7a-9652-54bc4449b9a1", "isDeleted:":"true", "version":"1678019270165"}}
{"logTime": "0402/103235", "correlationVector":"QsECFlPfMdZPrcYOhxZkdP.167","action":"GetUpdates", "result":"DeleteReceived", "context":{"id":"5c480c10-df76-468f-b168-3f3a55372ff5", "isDeleted:":"true", "version":"1678019270166"}}
{"logTime": "0402/103235", "correlationVector":"QsECFlPfMdZPrcYOhxZkdP.168","action":"GetUpdates", "result":"DeleteReceived", "context":{"id":"297eaa30-2584-46e7-91dc-99c08f5f6f0f", "isDeleted:":"true", "version":"1678019270167"}}
{"logTime": "0402/103235", "correlationVector":"QsECFlPfMdZPrcYOhxZkdP.169","action":"GetUpdates", "result":"DeleteReceived", "context":{"id":"0abf6d25-71db-4400-98d4-6f35826a2218", "isDeleted:":"true", "version":"1678019270168"}}
{"logTime": "0402/103235", "correlationVector":"QsECFlPfMdZPrcYOhxZkdP.170","action":"GetUpdates", "result":"DeleteReceived", "context":{"id":"bb7c1aff-89af-4c8b-a3a4-cbc6b0da2698", "isDeleted:":"true", "version":"1678019270169"}}
{"logTime": "0402/103235", "correlationVector":"QsECFlPfMdZPrcYOhxZkdP.171","action":"GetUpdates", "result":"DeleteReceived", "context":{"id":"352a45e7-e98b-4603-bc3f-0abc6aabbe0d", "isDeleted:":"true", "version":"1678019270170"}}
{"logTime": "0402/103235", "correlationVector":"QsECFlPfMdZPrcYOhxZkdP.172","action":"GetUpdates", "result":"DeleteReceived", "context":{"id":"972cc987-99c7-4203-83c0-81c4e1b72c6f", "isDeleted:":"true", "version":"1678019270171"}}
{"logTime": "0402/103235", "correlationVector":"QsECFlPfMdZPrcYOhxZkdP.173","action":"GetUpdates", "result":"DeleteReceived", "context":{"id":"d73c8e51-b193-4923-a8e5-c241c3d95ea3", "isDeleted:":"true", "version":"1678019270172"}}
{"logTime": "0402/103235", "correlationVector":"QsECFlPfMdZPrcYOhxZkdP.174","action":"GetUpdates", "result":"DeleteReceived", "context":{"id":"1430cfbd-89a0-4ce0-adf7-0a4190cad4a5", "isDeleted:":"true", "version":"1678019270173"}}
{"logTime": "0402/103235", "correlationVector":"QsECFlPfMdZPrcYOhxZkdP.175","action":"GetUpdates", "result":"DeleteReceived", "context":{"id":"c5be1b26-c238-4554-ac5b-dae4ecf9adea", "isDeleted:":"true", "version":"1678019270174"}}
{"logTime": "0402/103235", "correlationVector":"QsECFlPfMdZPrcYOhxZkdP.176","action":"GetUpdates", "result":"DeleteReceived", "context":{"id":"d3eacb19-192b-4777-9f03-8bf3ada30257", "isDeleted:":"true", "version":"1678019270175"}}
{"logTime": "0402/103235", "correlationVector":"QsECFlPfMdZPrcYOhxZkdP.177","action":"GetUpdates", "result":"DeleteReceived", "context":{"id":"e6ee8b02-0106-43dd-b3bc-c718ae354b4e", "isDeleted:":"true", "version":"1678019270176"}}
{"logTime": "0402/103235", "correlationVector":"QsECFlPfMdZPrcYOhxZkdP.178","action":"GetUpdates", "result":"DeleteReceived", "context":{"id":"69831163-3d2f-4207-930b-1f3593bb9e88", "isDeleted:":"true", "version":"1678019272896"}}
{"logTime": "0402/103235", "correlationVector":"QsECFlPfMdZPrcYOhxZkdP.179","action":"GetUpdates", "result":"DeleteReceived", "context":{"id":"c827d864-8f46-4fdc-a83f-c5a70f2ee791", "isDeleted:":"true", "version":"1678019275306"}}
{"logTime": "0402/103235", "correlationVector":"QsECFlPfMdZPrcYOhxZkdP.180","action":"GetUpdates", "result":"DeleteReceived", "context":{"id":"a7dde9ad-21c5-442d-a1a9-56c9882f1e29", "isDeleted:":"true", "version":"1678019275307"}}
{"logTime": "0402/103235", "correlationVector":"QsECFlPfMdZPrcYOhxZkdP.181","action":"GetUpdates", "result":"DeleteReceived", "context":{"id":"7b7c7ce1-adef-49e0-b800-d701cc12975e", "isDeleted:":"true", "version":"1678019277766"}}
{"logTime": "0402/103235", "correlationVector":"QsECFlPfMdZPrcYOhxZkdP.182","action":"GetUpdates", "result":"DeleteReceived", "context":{"id":"d1d6900b-a3ca-4d31-a16b-ade02d725ba7", "isDeleted:":"true", "version":"1678019277767"}}
{"logTime": "0402/103235", "correlationVector":"QsECFlPfMdZPrcYOhxZkdP.183","action":"GetUpdates", "result":"DeleteReceived", "context":{"id":"6d367122-9fde-4929-a8dd-a60452acb050", "isDeleted:":"true", "version":"1678019280216"}}
{"logTime": "0402/103235", "correlationVector":"QsECFlPfMdZPrcYOhxZkdP.184","action":"GetUpdates", "result":"DeleteReceived", "context":{"id":"4aa0f1b1-4c16-4e1f-9039-7b73b32b0f18", "isDeleted:":"true", "version":"1678019280217"}}
{"logTime": "0402/103235", "correlationVector":"QsECFlPfMdZPrcYOhxZkdP.185","action":"GetUpdates", "result":"DeleteReceived", "context":{"id":"12173246-7c55-4bad-b264-736da61f5802", "isDeleted:":"true", "version":"1678019282823"}}
{"logTime": "0402/103235", "correlationVector":"QsECFlPfMdZPrcYOhxZkdP.186","action":"GetUpdates Response", "result":"SERVER_MORE_TO_DOWNLOAD", "context":Received 250 update(s).  Some updates remain.}
{"logTime": "0402/103235", "correlationVector":"HupSjR7GNsDVKnUIvnI52Z","action":"Initial GetUpdates", "result":"", "context":Reason: NEWLY_SUPPORTED_DATATYPE. cV=HupSjR7GNsDVKnUIvnI52Z}
{"logTime": "0402/103236", "correlationVector":"HupSjR7GNsDVKnUIvnI52Z.1","action":"SyncServerConnectionManagerRequest", "result":"SYNC_SERVER_OK", "context":{"environment":"Prod_SoutheastAsia_000j", "migrationStage":"NotStarted", "server":"GENERAL0100000I"}}
{"logTime": "0402/103236", "correlationVector":"HupSjR7GNsDVKnUIvnI52Z.2","action":"GetUpdates", "result":"DeleteReceived", "context":{"id":"a6d8071a-481f-476f-911d-ce4b61763f9e", "isDeleted:":"true", "version":"1679990576189"}}
{"logTime": "0402/103236", "correlationVector":"HupSjR7GNsDVKnUIvnI52Z.3","action":"GetUpdates Response", "result":"SYNCER_OK", "context":Received 198 update(s). cV=HupSjR7GNsDVKnUIvnI52Z.0;server=GENERAL0100000I;cloudType=Consumer;environment=Prod_SoutheastAsia_000j;migrationStage=NotStarted}
{"logTime": "0402/103236", "correlationVector":"+wbx6d7U4JAJ2KxbKznE4L","action":"Normal GetUpdate request", "result":"", "context":cV=+wbx6d7U4JAJ2KxbKznE4L
Nudged types: Bookmarks, Autofill Profiles, Sessions, Device Info, User Consents
Refresh requested types: Bookmarks, Preferences, Passwords, Autofill Profiles, Autofill, Autofill Custom Data, Typed URLs, Extensions, Sessions, Extension settings, History Delete Directives, Device Info, User Consents, Send Tab To Self, Web Apps, Collection, Edge E Drop, Encryption Keys}
{"logTime": "0402/103236", "correlationVector":"+wbx6d7U4JAJ2KxbKznE4L.1","action":"SyncServerConnectionManagerRequest", "result":"SYNC_SERVER_OK", "context":{"environment":"Prod_SoutheastAsia_000j", "migrationStage":"NotStarted", "server":"GENERAL0100000K"}}
{"logTime": "0402/103236", "correlationVector":"+wbx6d7U4JAJ2KxbKznE4L.2","action":"GetUpdates", "result":"DeleteReceived", "context":{"id":"12964642-c0e6-4565-95b1-37711bceb279", "isDeleted:":"true", "version":"1680055098210"}}
{"logTime": "0402/103236", "correlationVector":"+wbx6d7U4JAJ2KxbKznE4L.3","action":"GetUpdates", "result":"DeleteReceived", "context":{"id":"57a92e07-7588-4323-ade3-16792f38ea5f", "isDeleted:":"true", "version":"1680277402824"}}
{"logTime": "0402/103236", "correlationVector":"+wbx6d7U4JAJ2KxbKznE4L.4","action":"GetUpdates", "result":"DeleteReceived", "context":{"id":"921aa91b-16f3-4db8-ae1e-7c4fdd16c6ec", "isDeleted:":"true", "version":"1680277402826"}}
{"logTime": "0402/103236", "correlationVector":"+wbx6d7U4JAJ2KxbKznE4L.5","action":"GetUpdates", "result":"DeleteReceived", "context":{"id":"03e08501-edea-467d-b10f-b7bc21957d5e", "isDeleted:":"true", "version":"1680277402827"}}
{"logTime": "0402/103236", "correlationVector":"+wbx6d7U4JAJ2KxbKznE4L.6","action":"GetUpdates", "result":"DeleteReceived", "context":{"id":"c4363853-e36a-4498-ae8b-1f5921bcb16b", "isDeleted:":"true", "version":"1680277402830"}}
{"logTime": "0402/103236", "correlationVector":"+wbx6d7U4JAJ2KxbKznE4L.7","action":"GetUpdates", "result":"DeleteReceived", "context":{"id":"d9bb1559-72e7-4fdb-b614-ae973b805836", "isDeleted:":"true", "version":"1680277405176"}}
{"logTime": "0402/103236", "correlationVector":"+wbx6d7U4JAJ2KxbKznE4L.8","action":"GetUpdates", "result":"DeleteReceived", "context":{"id":"7019ed77-1db8-43e2-b383-7c6650ae6466", "isDeleted:":"true", "version":"1680277678852"}}
{"logTime": "0402/103236", "correlationVector":"+wbx6d7U4JAJ2KxbKznE4L.9","action":"GetUpdates", "result":"DeleteReceived", "context":{"id":"4d90f27d-eef9-4e34-a676-1e837eefc654", "isDeleted:":"true", "version":"1680279683864"}}
{"logTime": "0402/103236", "correlationVector":"+wbx6d7U4JAJ2KxbKznE4L.10","action":"GetUpdates", "result":"DeleteReceived", "context":{"id":"a0995bcc-4783-4d2b-86b5-0fd011353b4c", "isDeleted:":"true", "version":"1680281352054"}}
{"logTime": "0402/103236", "correlationVector":"+wbx6d7U4JAJ2KxbKznE4L.11","action":"GetUpdates", "result":"DeleteReceived", "context":{"id":"7c5329cd-732c-4c44-8e42-24497540c088", "isDeleted:":"true", "version":"1680281837334"}}
{"logTime": "0402/103236", "correlationVector":"+wbx6d7U4JAJ2KxbKznE4L.12","action":"GetUpdates", "result":"DeleteReceived", "context":{"id":"6f61c88b-89fd-4268-b540-0dd5479a7a11", "isDeleted:":"true", "version":"1680283555323"}}
{"logTime": "0402/103236", "correlationVector":"+wbx6d7U4JAJ2KxbKznE4L.13","action":"GetUpdates", "result":"DeleteReceived", "context":{"id":"972b6ab3-7222-4e56-98ee-7142d85db60d", "isDeleted:":"true", "version":"1680283555325"}}
{"logTime": "0402/103236", "correlationVector":"+wbx6d7U4JAJ2KxbKznE4L.14","action":"GetUpdates", "result":"DeleteReceived", "context":{"id":"cdd20d80-176e-4dc5-916d-d2943199d696", "isDeleted:":"true", "version":"1680286434900"}}
{"logTime": "0402/103236", "correlationVector":"+wbx6d7U4JAJ2KxbKznE4L.15","action":"GetUpdates", "result":"DeleteReceived", "context":{"id":"787bcaa9-6daa-4df4-8d3d-8681d686533b", "isDeleted:":"true", "version":"1680287352316"}}
{"logTime": "0402/103236", "correlationVector":"+wbx6d7U4JAJ2KxbKznE4L.16","action":"GetUpdates", "result":"DeleteReceived", "context":{"id":"d0bb5136-3804-493a-92c3-eda52435c1b1", "isDeleted:":"true", "version":"1680288230718"}}
{"logTime": "0402/103236", "correlationVector":"+wbx6d7U4JAJ2KxbKznE4L.17","action":"GetUpdates", "result":"DeleteReceived", "context":{"id":"97343ecd-25d4-408e-95b0-7c43a28edd55", "isDeleted:":"true", "version":"1680289910193"}}
{"logTime": "0402/103236", "correlationVector":"+wbx6d7U4JAJ2KxbKznE4L.18","action":"GetUpdates", "result":"DeleteReceived", "context":{"id":"103563e7-7205-44b5-be5a-5deedbb94e5b", "isDeleted:":"true", "version":"1680290083251"}}
{"logTime": "0402/103236", "correlationVector":"+wbx6d7U4JAJ2KxbKznE4L.19","action":"GetUpdates", "result":"DeleteReceived", "context":{"id":"b5d32578-e9c4-4b6c-92f4-a704119028dd", "isDeleted:":"true", "version":"1680290275626"}}
{"logTime": "0402/103236", "correlationVector":"+wbx6d7U4JAJ2KxbKznE4L.20","action":"GetUpdates", "result":"DeleteReceived", "context":{"id":"4cd36354-199a-478a-b25c-1aa7240e28ad", "isDeleted:":"true", "version":"1680290275628"}}
{"logTime": "0402/103236", "correlationVector":"+wbx6d7U4JAJ2KxbKznE4L.21","action":"GetUpdates", "result":"DeleteReceived", "context":{"id":"f95e55a2-fa4c-45ba-93b9-81fcd3c6e8af", "isDeleted:":"true", "version":"1680290501098"}}
{"logTime": "0402/103236", "correlationVector":"+wbx6d7U4JAJ2KxbKznE4L.22","action":"GetUpdates", "result":"DeleteReceived", "context":{"id":"982924d9-7eca-406a-a066-a73964e64440", "isDeleted:":"true", "version":"1680290883421"}}
{"logTime": "0402/103236", "correlationVector":"+wbx6d7U4JAJ2KxbKznE4L.23","action":"GetUpdates", "result":"DeleteReceived", "context":{"id":"53a4a770-12e1-402e-aec2-b1e58072fa6d", "isDeleted:":"true", "version":"1680290883422"}}
{"logTime": "0402/103236", "correlationVector":"+wbx6d7U4JAJ2KxbKznE4L.24","action":"GetUpdates", "result":"DeleteReceived", "context":{"id":"2daa64e6-cc0a-4717-9a72-016085604d24", "isDeleted:":"true", "version":"1680290883425"}}
{"logTime": "0402/103236", "correlationVector":"+wbx6d7U4JAJ2KxbKznE4L.25","action":"GetUpdates", "result":"DeleteReceived", "context":{"id":"bc7e3acd-ee29-441f-8ffd-177b2652b9fe", "isDeleted:":"true", "version":"1680290883426"}}
{"logTime": "0402/103236", "correlationVector":"+wbx6d7U4JAJ2KxbKznE4L.26","action":"GetUpdates", "result":"DeleteReceived", "context":{"id":"6d0f6f81-3514-4806-b732-5e977170cdb7", "isDeleted:":"true", "version":"1680291127155"}}
{"logTime": "0402/103236", "correlationVector":"+wbx6d7U4JAJ2KxbKznE4L.27","action":"GetUpdates", "result":"DeleteReceived", "context":{"id":"d0d9a718-3359-4cad-b68d-d646d135c034", "isDeleted:":"true", "version":"1680312649003"}}
{"logTime": "0402/103236", "correlationVector":"+wbx6d7U4JAJ2KxbKznE4L.28","action":"GetUpdates", "result":"DeleteReceived", "context":{"id":"b20b1c42-258f-4d72-ab2c-55b1ecd80f37", "isDeleted:":"true", "version":"1680312649005"}}
{"logTime": "0402/103236", "correlationVector":"+wbx6d7U4JAJ2KxbKznE4L.29","action":"GetUpdates", "result":"DeleteReceived", "context":{"id":"cc8f55dd-acfa-493e-9673-0e70c1834f9c", "isDeleted:":"true", "version":"1680312649007"}}
{"logTime": "0402/103236", "correlationVector":"+wbx6d7U4JAJ2KxbKznE4L.30","action":"GetUpdates", "result":"DeleteReceived", "context":{"id":"6b6f405f-4250-44c4-a3d9-9bb9a2215fde", "isDeleted:":"true", "version":"1680312649011"}}
{"logTime": "0402/103236", "correlationVector":"+wbx6d7U4JAJ2KxbKznE4L.31","action":"GetUpdates", "result":"DeleteReceived", "context":{"id":"6ccafbad-044b-468f-8386-a7b047c1810d", "isDeleted:":"true", "version":"1680312649012"}}
{"logTime": "0402/103236", "correlationVector":"+wbx6d7U4JAJ2KxbKznE4L.32","action":"GetUpdates", "result":"DeleteReceived", "context":{"id":"15d944e8-33a0-42db-b44e-06029cbdbb56", "isDeleted:":"true", "version":"1680312649013"}}
{"logTime": "0402/103236", "correlationVector":"+wbx6d7U4JAJ2KxbKznE4L.33","action":"GetUpdates", "result":"DeleteReceived", "context":{"id":"beab945f-1c84-4c75-b84f-7addcabf43e3", "isDeleted:":"true", "version":"1680312649014"}}
{"logTime": "0402/103236", "correlationVector":"+wbx6d7U4JAJ2KxbKznE4L.34","action":"GetUpdates", "result":"DeleteReceived", "context":{"id":"15454d89-4c8b-4e94-93f9-e285cd1dd5d3", "isDeleted:":"true", "version":"1680312649016"}}
{"logTime": "0402/103236", "correlationVector":"+wbx6d7U4JAJ2KxbKznE4L.35","action":"GetUpdates", "result":"DeleteReceived", "context":{"id":"21a6138f-2dde-4362-aca6-e9c2bd1f29bf", "isDeleted:":"true", "version":"1680312649021"}}
{"logTime": "0402/103236", "correlationVector":"+wbx6d7U4JAJ2KxbKznE4L.36","action":"GetUpdates", "result":"DeleteReceived", "context":{"id":"50f2ea64-434d-4981-be6d-adc667d0820b", "isDeleted:":"true", "version":"1680312650388"}}
{"logTime": "0402/103236", "correlationVector":"+wbx6d7U4JAJ2KxbKznE4L.37","action":"GetUpdates", "result":"DeleteReceived", "context":{"id":"55bb4271-6279-4326-9451-f8256749da91", "isDeleted:":"true", "version":"1680312650389"}}
{"logTime": "0402/103236", "correlationVector":"+wbx6d7U4JAJ2KxbKznE4L.38","action":"GetUpdates", "result":"DeleteReceived", "context":{"id":"06fca12e-8b8d-4869-961d-1d06c77ebe08", "isDeleted:":"true", "version":"1680312682045"}}
{"logTime": "0402/103236", "correlationVector":"+wbx6d7U4JAJ2KxbKznE4L.39","action":"GetUpdates", "result":"DeleteReceived", "context":{"id":"c94722bc-57f1-4d85-8bcf-55e76d7d79e4", "isDeleted:":"true", "version":"1680312713054"}}
{"logTime": "0402/103236", "correlationVector":"+wbx6d7U4JAJ2KxbKznE4L.40","action":"GetUpdates", "result":"DeleteReceived", "context":{"id":"ee5deb45-ae0b-4a2d-aa40-811955a86372", "isDeleted:":"true", "version":"1680312713057"}}
{"logTime": "0402/103236", "correlationVector":"+wbx6d7U4JAJ2KxbKznE4L.41","action":"GetUpdates", "result":"DeleteReceived", "context":{"id":"00134af3-94cb-4d19-a7fc-c8a7516380a2", "isDeleted:":"true", "version":"1680312713059"}}
{"logTime": "0402/103236", "correlationVector":"+wbx6d7U4JAJ2KxbKznE4L.42","action":"GetUpdates", "result":"DeleteReceived", "context":{"id":"6002ee83-3be2-405d-af5f-cd159574a254", "isDeleted:":"true", "version":"1680312713062"}}
{"logTime": "0402/103236", "correlationVector":"+wbx6d7U4JAJ2KxbKznE4L.43","action":"GetUpdates", "result":"DeleteReceived", "context":{"id":"14a60321-d7ba-4a2b-bbc8-70d956d7d757", "isDeleted:":"true", "version":"1680312761281"}}
{"logTime": "0402/103236", "correlationVector":"+wbx6d7U4JAJ2KxbKznE4L.44","action":"GetUpdates", "result":"DeleteReceived", "context":{"id":"03af8cd5-957b-4992-ae10-c9c0238a6b4e", "isDeleted:":"true", "version":"1680312761282"}}
{"logTime": "0402/103236", "correlationVector":"+wbx6d7U4JAJ2KxbKznE4L.45","action":"GetUpdates", "result":"DeleteReceived", "context":{"id":"ffa0fe7c-fb27-4920-a648-ede5105f29bd", "isDeleted:":"true", "version":"1680312761284"}}
{"logTime": "0402/103236", "correlationVector":"+wbx6d7U4JAJ2KxbKznE4L.46","action":"GetUpdates", "result":"DeleteReceived", "context":{"id":"1827c6dc-8b1c-4e37-86dc-755462ff0298", "isDeleted:":"true", "version":"1680313229743"}}
{"logTime": "0402/103236", "correlationVector":"+wbx6d7U4JAJ2KxbKznE4L.47","action":"GetUpdates", "result":"DeleteReceived", "context":{"id":"eeee557e-3c40-440b-8784-11a4b6aeb157", "isDeleted:":"true", "version":"1680313329543"}}
{"logTime": "0402/103236", "correlationVector":"+wbx6d7U4JAJ2KxbKznE4L.48","action":"GetUpdates", "result":"DeleteReceived", "context":{"id":"018362dd-0f8f-4e9e-8e94-e1a515f5301a", "isDeleted:":"true", "version":"1680313390534"}}
{"logTime": "0402/103236", "correlationVector":"+wbx6d7U4JAJ2KxbKznE4L.49","action":"GetUpdates", "result":"DeleteReceived", "context":{"id":"8710286a-11c3-4759-9eb3-aaf854956cad", "isDeleted:":"true", "version":"1680313568791"}}
{"logTime": "0402/103236", "correlationVector":"+wbx6d7U4JAJ2KxbKznE4L.50","action":"GetUpdates", "result":"DeleteReceived", "context":{"id":"a330fe07-573d-4ca4-8582-b98a7c876fad", "isDeleted:":"true", "version":"1680313568793"}}
{"logTime": "0402/103236", "correlationVector":"+wbx6d7U4JAJ2KxbKznE4L.51","action":"GetUpdates", "result":"DeleteReceived", "context":{"id":"6e226e7e-440e-445e-a9b0-efe84eda237e", "isDeleted:":"true", "version":"1680313629006"}}
{"logTime": "0402/103236", "correlationVector":"+wbx6d7U4JAJ2KxbKznE4L.52","action":"GetUpdates", "result":"DeleteReceived", "context":{"id":"0c561b6f-e751-4984-9ae3-6f40f889778e", "isDeleted:":"true", "version":"1680314766277"}}
{"logTime": "0402/103236", "correlationVector":"+wbx6d7U4JAJ2KxbKznE4L.53","action":"GetUpdates", "result":"DeleteReceived", "context":{"id":"0a60d7b3-763a-4929-8335-889a9aa2acf3", "isDeleted:":"true", "version":"1680315292342"}}
{"logTime": "0402/103236", "correlationVector":"+wbx6d7U4JAJ2KxbKznE4L.54","action":"GetUpdates", "result":"DeleteReceived", "context":{"id":"77ce3af0-b424-460f-8d6a-6b27100caa28", "isDeleted:":"true", "version":"1680318027741"}}
{"logTime": "0402/103236", "correlationVector":"+wbx6d7U4JAJ2KxbKznE4L.55","action":"GetUpdates Response", "result":"SYNCER_OK", "context":Received 76 update(s). cV=+wbx6d7U4JAJ2KxbKznE4L.0;server=GENERAL0100000K;cloudType=Consumer;environment=Prod_SoutheastAsia_000j;migrationStage=NotStarted}
{"logTime": "0402/103236", "correlationVector":"buTxZCET4V3OpYm/IPVZK7","action":"Commit Request", "result":"", "context":Item count: 1
Contributing types: Device Info}
{"logTime": "0402/103237", "correlationVector":"buTxZCET4V3OpYm/IPVZK7.1","action":"SyncServerConnectionManagerRequest", "result":"SYNC_SERVER_OK", "context":{"environment":"Prod_SoutheastAsia_000j", "migrationStage":"NotStarted", "server":"GENERAL01000017"}}
{"logTime": "0402/103237", "correlationVector":"buTxZCET4V3OpYm/IPVZK7.2","action":"Commit Response", "result":"SYNCER_OK", "context":Result: SYNCER_OK. cV=buTxZCET4V3OpYm/IPVZK7.0;server=GENERAL01000017;cloudType=Consumer;environment=Prod_SoutheastAsia_000j;migrationStage=NotStarted}
{"logTime": "0402/103237", "correlationVector":"2Fx5YJfSqbBwy8BUAuEWfM","action":"Commit Request", "result":"", "context":Item count: 15
Contributing types: Bookmarks, Autofill Profiles, Autofill, Sessions, User Consents}
{"logTime": "0402/103238", "correlationVector":"2Fx5YJfSqbBwy8BUAuEWfM.1","action":"SyncServerConnectionManagerRequest", "result":"SYNC_SERVER_OK", "context":{"environment":"Prod_SoutheastAsia_000j", "migrationStage":"NotStarted", "server":"GENERAL01000006"}}
{"logTime": "0402/103238", "correlationVector":"2Fx5YJfSqbBwy8BUAuEWfM.3","action":"Commit.Autofill Profiles", "result":"Success", "context":{"id":"edf7ca32-79f4-41d0-bd64-4dcfc80b177f", "isDeleted":"true", "size":"0", "version":"1678843375543"}}
{"logTime": "0402/103238", "correlationVector":"2Fx5YJfSqbBwy8BUAuEWfM.4","action":"Commit.Autofill Profiles", "result":"Success", "context":{"id":"746230e6-a866-4074-b183-18b27e829de5", "isDeleted":"true", "size":"0", "version":"1678843375545"}}
{"logTime": "0402/103238", "correlationVector":"2Fx5YJfSqbBwy8BUAuEWfM.5","action":"Commit.Autofill Profiles", "result":"Success", "context":{"id":"e850a420-ed8e-445c-8f0a-e1e5837e7c4c", "isDeleted":"true", "size":"0", "version":"1678843375547"}}
{"logTime": "0402/103238", "correlationVector":"2Fx5YJfSqbBwy8BUAuEWfM.6","action":"Commit.Autofill Profiles", "result":"Success", "context":{"id":"a3b704eb-ffe1-4745-a133-e23fb405d6da", "isDeleted":"true", "size":"0", "version":"1678843375550"}}
{"logTime": "0402/103238", "correlationVector":"2Fx5YJfSqbBwy8BUAuEWfM.7","action":"Commit.Autofill Profiles", "result":"Success", "context":{"id":"96bfe0ee-6d60-42ca-bc1f-2c9f709e9084", "isDeleted":"true", "size":"0", "version":"1678843375551"}}
{"logTime": "0402/103238", "correlationVector":"2Fx5YJfSqbBwy8BUAuEWfM.2","action":"Commit Response", "result":"SYNCER_OK", "context":Result: SYNCER_OK. cV=2Fx5YJfSqbBwy8BUAuEWfM.0;server=GENERAL01000006;cloudType=Consumer;environment=Prod_SoutheastAsia_000j;migrationStage=NotStarted}
{"logTime": "0402/103238", "correlationVector":"2Fx5YJfSqbBwy8BUAuEWfM.8","action":"Commit.Sessions", "result":"Success", "context":{"id":"7b5e908d-2534-4d9f-be11-d50df56316a0", "isDeleted":"true", "size":"0", "version":"1680055096306"}}
{"logTime": "0402/103238", "correlationVector":"2Fx5YJfSqbBwy8BUAuEWfM.9","action":"Commit.Sessions", "result":"Success", "context":{"id":"4e76b968-5b3a-4adc-b4a2-061926a8914b", "isDeleted":"true", "size":"0", "version":"1680055098211"}}
{"logTime": "0402/103310", "correlationVector":"ucDA1V1oV/8SX/FoB1E/yW","action":"Commit Request", "result":"", "context":Item count: 1
Contributing types: Sessions}
{"logTime": "0402/103310", "correlationVector":"ucDA1V1oV/8SX/FoB1E/yW.1","action":"SyncServerConnectionManagerRequest", "result":"SYNC_SERVER_OK", "context":{"environment":"Prod_SoutheastAsia_000j", "migrationStage":"NotStarted", "server":"GENERAL01000006"}}
{"logTime": "0402/103310", "correlationVector":"ucDA1V1oV/8SX/FoB1E/yW.2","action":"Commit Response", "result":"SYNCER_OK", "context":Result: SYNCER_OK. cV=ucDA1V1oV/8SX/FoB1E/yW.0;server=GENERAL01000006;cloudType=Consumer;environment=Prod_SoutheastAsia_000j;migrationStage=NotStarted}
{"logTime": "0402/103343", "correlationVector":"Ad4sZomJiMEITqM4dvkEha","action":"Commit Request", "result":"", "context":Item count: 1
Contributing types: Sessions}
{"logTime": "0402/103344", "correlationVector":"Ad4sZomJiMEITqM4dvkEha.1","action":"SyncServerConnectionManagerRequest", "result":"SYNC_SERVER_OK", "context":{"environment":"Prod_SoutheastAsia_000j", "migrationStage":"NotStarted", "server":"GENERAL01000001"}}
{"logTime": "0402/103344", "correlationVector":"Ad4sZomJiMEITqM4dvkEha.2","action":"Commit Response", "result":"SYNCER_OK", "context":Result: SYNCER_OK. cV=Ad4sZomJiMEITqM4dvkEha.0;server=GENERAL01000001;cloudType=Consumer;environment=Prod_SoutheastAsia_000j;migrationStage=NotStarted}
{"logTime": "0402/103422", "correlationVector":"h1Z5KS6aeP80j5bC6apJOQ","action":"Commit Request", "result":"", "context":Item count: 1
Contributing types: Sessions}
{"logTime": "0402/103422", "correlationVector":"h1Z5KS6aeP80j5bC6apJOQ.1","action":"SyncServerConnectionManagerRequest", "result":"SYNC_SERVER_OK", "context":{"environment":"Prod_SoutheastAsia_000j", "migrationStage":"NotStarted", "server":"GENERAL0100000O"}}
{"logTime": "0402/103422", "correlationVector":"h1Z5KS6aeP80j5bC6apJOQ.2","action":"Commit Response", "result":"SYNCER_OK", "context":Result: SYNCER_OK. cV=h1Z5KS6aeP80j5bC6apJOQ.0;server=GENERAL0100000O;cloudType=Consumer;environment=Prod_SoutheastAsia_000j;migrationStage=NotStarted}
{"logTime": "0402/124249", "correlationVector":"9NYr84LZsQShAKK2+xc5sq.0","action":"FeedSettingFetch_homeCloud", "result":"0", "context":{}}
{"logTime": "0402/124249", "correlationVector":"5TTG90IyjG7B27du5MUVbw","action":"Normal GetUpdate request", "result":"", "context":cV=5TTG90IyjG7B27du5MUVbw
Nudged types: Sessions, User Consents
Refresh requested types: Bookmarks, Preferences, Passwords, Autofill Profiles, Autofill, Autofill Custom Data, Typed URLs, Extensions, Sessions, Extension settings, History Delete Directives, Device Info, User Consents, Send Tab To Self, Web Apps, Collection, Edge E Drop, Encryption Keys}
{"logTime": "0402/124249", "correlationVector":"5TTG90IyjG7B27du5MUVbw.1","action":"SyncServerConnectionManagerRequest", "result":"SYNC_SERVER_OK", "context":{"environment":"Prod_SoutheastAsia_000j", "migrationStage":"NotStarted", "server":"GENERAL01000018"}}
{"logTime": "0402/124249", "correlationVector":"5TTG90IyjG7B27du5MUVbw.2","action":"GetUpdates", "result":"DeleteReceived", "context":{"id":"edf7ca32-79f4-41d0-bd64-4dcfc80b177f", "isDeleted:":"true", "version":"1680431557604"}}
{"logTime": "0402/124249", "correlationVector":"5TTG90IyjG7B27du5MUVbw.3","action":"GetUpdates", "result":"DeleteReceived", "context":{"id":"746230e6-a866-4074-b183-18b27e829de5", "isDeleted:":"true", "version":"1680431557605"}}
{"logTime": "0402/124249", "correlationVector":"5TTG90IyjG7B27du5MUVbw.4","action":"GetUpdates", "result":"DeleteReceived", "context":{"id":"e850a420-ed8e-445c-8f0a-e1e5837e7c4c", "isDeleted:":"true", "version":"1680431557606"}}
{"logTime": "0402/124249", "correlationVector":"5TTG90IyjG7B27du5MUVbw.5","action":"GetUpdates", "result":"DeleteReceived", "context":{"id":"a3b704eb-ffe1-4745-a133-e23fb405d6da", "isDeleted:":"true", "version":"1680431557607"}}
{"logTime": "0402/124249", "correlationVector":"5TTG90IyjG7B27du5MUVbw.6","action":"GetUpdates", "result":"DeleteReceived", "context":{"id":"96bfe0ee-6d60-42ca-bc1f-2c9f709e9084", "isDeleted:":"true", "version":"1680431557608"}}
{"logTime": "0402/124249", "correlationVector":"5TTG90IyjG7B27du5MUVbw.7","action":"GetUpdates", "result":"DeleteReceived", "context":{"id":"7b5e908d-2534-4d9f-be11-d50df56316a0", "isDeleted:":"true", "version":"1680431557614"}}
{"logTime": "0402/124249", "correlationVector":"5TTG90IyjG7B27du5MUVbw.8","action":"GetUpdates", "result":"DeleteReceived", "context":{"id":"4e76b968-5b3a-4adc-b4a2-061926a8914b", "isDeleted:":"true", "version":"1680431557616"}}
{"logTime": "0402/124249", "correlationVector":"5TTG90IyjG7B27du5MUVbw.9","action":"GetUpdates Response", "result":"SYNCER_OK", "context":Received 15 update(s). cV=5TTG90IyjG7B27du5MUVbw.0;server=GENERAL01000018;cloudType=Consumer;environment=Prod_SoutheastAsia_000j;migrationStage=NotStarted}
{"logTime": "0402/124249", "correlationVector":"XGPH3K7xiGTbV0fS2GPK4r","action":"Commit Request", "result":"", "context":Item count: 4
Contributing types: Sessions, User Consents}
{"logTime": "0402/124250", "correlationVector":"XGPH3K7xiGTbV0fS2GPK4r.1","action":"SyncServerConnectionManagerRequest", "result":"SYNC_SERVER_OK", "context":{"environment":"Prod_SoutheastAsia_000j", "migrationStage":"NotStarted", "server":"GENERAL0100000O"}}
{"logTime": "0402/124250", "correlationVector":"XGPH3K7xiGTbV0fS2GPK4r.3","action":"Commit.Sessions", "result":"Success", "context":{"id":"b6bcd872-a2a0-4f37-b377-4808c57392a0", "isDeleted":"true", "size":"0", "version":"1680431662648"}}
{"logTime": "0402/124250", "correlationVector":"XGPH3K7xiGTbV0fS2GPK4r.2","action":"Commit Response", "result":"SYNCER_OK", "context":Result: SYNCER_OK. cV=XGPH3K7xiGTbV0fS2GPK4r.0;server=GENERAL0100000O;cloudType=Consumer;environment=Prod_SoutheastAsia_000j;migrationStage=NotStarted}
{"logTime": "0402/124320", "correlationVector":"KYmyZjZ3VyhNkFTsXw9Hd6","action":"Commit Request", "result":"", "context":Item count: 1
Contributing types: Sessions}
{"logTime": "0402/124320", "correlationVector":"KYmyZjZ3VyhNkFTsXw9Hd6.1","action":"SyncServerConnectionManagerRequest", "result":"SYNC_SERVER_OK", "context":{"environment":"Prod_SoutheastAsia_000j", "migrationStage":"NotStarted", "server":"GENERAL0100000M"}}
{"logTime": "0402/124320", "correlationVector":"KYmyZjZ3VyhNkFTsXw9Hd6.2","action":"Commit Response", "result":"SYNCER_OK", "context":Result: SYNCER_OK. cV=KYmyZjZ3VyhNkFTsXw9Hd6.0;server=GENERAL0100000M;cloudType=Consumer;environment=Prod_SoutheastAsia_000j;migrationStage=NotStarted}
{"logTime": "0402/124351", "correlationVector":"5W27rAspvYowhqOsKZtQgQ","action":"Commit Request", "result":"", "context":Item count: 1
Contributing types: Sessions}
{"logTime": "0402/124351", "correlationVector":"5W27rAspvYowhqOsKZtQgQ.1","action":"SyncServerConnectionManagerRequest", "result":"SYNC_SERVER_OK", "context":{"environment":"Prod_SoutheastAsia_000j", "migrationStage":"NotStarted", "server":"GENERAL0100001B"}}
{"logTime": "0402/124351", "correlationVector":"5W27rAspvYowhqOsKZtQgQ.2","action":"Commit Response", "result":"SYNCER_OK", "context":Result: SYNCER_OK. cV=5W27rAspvYowhqOsKZtQgQ.0;server=GENERAL0100001B;cloudType=Consumer;environment=Prod_SoutheastAsia_000j;migrationStage=NotStarted}
{"logTime": "0402/124421", "correlationVector":"kavzqfJCrKCgr5Zr16cxUF","action":"Commit Request", "result":"", "context":Item count: 1
Contributing types: Sessions}
{"logTime": "0402/124422", "correlationVector":"kavzqfJCrKCgr5Zr16cxUF.1","action":"SyncServerConnectionManagerRequest", "result":"SYNC_SERVER_OK", "context":{"environment":"Prod_SoutheastAsia_000j", "migrationStage":"NotStarted", "server":"GENERAL0100001B"}}
{"logTime": "0402/124422", "correlationVector":"kavzqfJCrKCgr5Zr16cxUF.2","action":"Commit Response", "result":"SYNCER_OK", "context":Result: SYNCER_OK. cV=kavzqfJCrKCgr5Zr16cxUF.0;server=GENERAL0100001B;cloudType=Consumer;environment=Prod_SoutheastAsia_000j;migrationStage=NotStarted}
{"logTime": "0402/124549", "correlationVector":"dZApMTgbJ+HoE+ol5kAap6","action":"Commit Request", "result":"", "context":Item count: 1
Contributing types: Sessions}
{"logTime": "0402/124549", "correlationVector":"dZApMTgbJ+HoE+ol5kAap6.1","action":"SyncServerConnectionManagerRequest", "result":"SYNC_SERVER_OK", "context":{"environment":"Prod_SoutheastAsia_000j", "migrationStage":"NotStarted", "server":"GENERAL0100000Q"}}
{"logTime": "0402/124549", "correlationVector":"dZApMTgbJ+HoE+ol5kAap6.2","action":"Commit Response", "result":"SYNCER_OK", "context":Result: SYNCER_OK. cV=dZApMTgbJ+HoE+ol5kAap6.0;server=GENERAL0100000Q;cloudType=Consumer;environment=Prod_SoutheastAsia_000j;migrationStage=NotStarted}
{"logTime": "0402/124620", "correlationVector":"mo+KDYRd2ziCo7XZFvTvzm","action":"Commit Request", "result":"", "context":Item count: 1
Contributing types: Sessions}
{"logTime": "0402/124620", "correlationVector":"mo+KDYRd2ziCo7XZFvTvzm.1","action":"SyncServerConnectionManagerRequest", "result":"SYNC_SERVER_OK", "context":{"environment":"Prod_SoutheastAsia_000j", "migrationStage":"NotStarted", "server":"GENERAL0100001D"}}
{"logTime": "0402/124620", "correlationVector":"mo+KDYRd2ziCo7XZFvTvzm.2","action":"Commit Response", "result":"SYNCER_OK", "context":Result: SYNCER_OK. cV=mo+KDYRd2ziCo7XZFvTvzm.0;server=GENERAL0100001D;cloudType=Consumer;environment=Prod_SoutheastAsia_000j;migrationStage=NotStarted}
{"logTime": "0402/124632", "correlationVector":"su1ASbzQNJsW8+EhyrbdgW","action":"Commit Request", "result":"", "context":Item count: 1
Contributing types: Sessions}
{"logTime": "0402/124632", "correlationVector":"su1ASbzQNJsW8+EhyrbdgW.1","action":"SyncServerConnectionManagerRequest", "result":"SYNC_SERVER_OK", "context":{"environment":"Prod_SoutheastAsia_000j", "migrationStage":"NotStarted", "server":"GENERAL01000010"}}
{"logTime": "0402/124632", "correlationVector":"su1ASbzQNJsW8+EhyrbdgW.2","action":"Commit Response", "result":"SYNCER_OK", "context":Result: SYNCER_OK. cV=su1ASbzQNJsW8+EhyrbdgW.0;server=GENERAL01000010;cloudType=Consumer;environment=Prod_SoutheastAsia_000j;migrationStage=NotStarted}
{"logTime": "0402/124632", "correlationVector":"vIE9aC6xa3IFgTaZmktwO7","action":"Poll GetUpdate request", "result":"", "context":cV=vIE9aC6xa3IFgTaZmktwO7}
{"logTime": "0402/124632", "correlationVector":"vIE9aC6xa3IFgTaZmktwO7.1","action":"SyncServerConnectionManagerRequest", "result":"SYNC_SERVER_OK", "context":{"environment":"Prod_SoutheastAsia_000j", "migrationStage":"NotStarted", "server":"GENERAL01000014"}}
{"logTime": "0402/124632", "correlationVector":"vIE9aC6xa3IFgTaZmktwO7.2","action":"GetUpdates", "result":"DeleteReceived", "context":{"id":"b6bcd872-a2a0-4f37-b377-4808c57392a0", "isDeleted:":"true", "version":"1680439369843"}}
{"logTime": "0402/124632", "correlationVector":"vIE9aC6xa3IFgTaZmktwO7.3","action":"GetUpdates Response", "result":"SYNCER_OK", "context":Received 3 update(s). cV=vIE9aC6xa3IFgTaZmktwO7.0;server=GENERAL01000014;cloudType=Consumer;environment=Prod_SoutheastAsia_000j;migrationStage=NotStarted}
{"logTime": "0402/124651", "correlationVector":"vkAPF/BESvUIomf1O6o9uk","action":"Commit Request", "result":"", "context":Item count: 1
Contributing types: Sessions}
{"logTime": "0402/124652", "correlationVector":"vkAPF/BESvUIomf1O6o9uk.1","action":"SyncServerConnectionManagerRequest", "result":"SYNC_SERVER_OK", "context":{"environment":"Prod_SoutheastAsia_000j", "migrationStage":"NotStarted", "server":"GENERAL0100000W"}}
{"logTime": "0402/124652", "correlationVector":"vkAPF/BESvUIomf1O6o9uk.2","action":"Commit Response", "result":"SYNCER_OK", "context":Result: SYNCER_OK. cV=vkAPF/BESvUIomf1O6o9uk.0;server=GENERAL0100000W;cloudType=Consumer;environment=Prod_SoutheastAsia_000j;migrationStage=NotStarted}
{"logTime": "0402/124726", "correlationVector":"1+8Du7twEwSwIrr5d1GU3Y","action":"Commit Request", "result":"", "context":Item count: 1
Contributing types: Sessions}
{"logTime": "0402/124726", "correlationVector":"1+8Du7twEwSwIrr5d1GU3Y.1","action":"SyncServerConnectionManagerRequest", "result":"SYNC_SERVER_OK", "context":{"environment":"Prod_SoutheastAsia_000j", "migrationStage":"NotStarted", "server":"GENERAL0100000T"}}
{"logTime": "0402/124726", "correlationVector":"1+8Du7twEwSwIrr5d1GU3Y.2","action":"Commit Response", "result":"SYNCER_OK", "context":Result: SYNCER_OK. cV=1+8Du7twEwSwIrr5d1GU3Y.0;server=GENERAL0100000T;cloudType=Consumer;environment=Prod_SoutheastAsia_000j;migrationStage=NotStarted}
{"logTime": "0402/124759", "correlationVector":"Mwc3rhKXQzOz3odMVp+DIs","action":"Commit Request", "result":"", "context":Item count: 1
Contributing types: Sessions}
{"logTime": "0402/124759", "correlationVector":"Mwc3rhKXQzOz3odMVp+DIs.1","action":"SyncServerConnectionManagerRequest", "result":"SYNC_SERVER_OK", "context":{"environment":"Prod_SoutheastAsia_000j", "migrationStage":"NotStarted", "server":"GENERAL0100000S"}}
{"logTime": "0402/124759", "correlationVector":"Mwc3rhKXQzOz3odMVp+DIs.2","action":"Commit Response", "result":"SYNCER_OK", "context":Result: SYNCER_OK. cV=Mwc3rhKXQzOz3odMVp+DIs.0;server=GENERAL0100000S;cloudType=Consumer;environment=Prod_SoutheastAsia_000j;migrationStage=NotStarted}
{"logTime": "0402/124836", "correlationVector":"tHoS0CvdVsoblssfaRYUSu","action":"Commit Request", "result":"", "context":Item count: 1
Contributing types: Sessions}
{"logTime": "0402/124836", "correlationVector":"tHoS0CvdVsoblssfaRYUSu.1","action":"SyncServerConnectionManagerRequest", "result":"SYNC_SERVER_OK", "context":{"environment":"Prod_SoutheastAsia_000j", "migrationStage":"NotStarted", "server":"general0100000B"}}
{"logTime": "0402/124836", "correlationVector":"tHoS0CvdVsoblssfaRYUSu.2","action":"Commit Response", "result":"SYNCER_OK", "context":Result: SYNCER_OK. cV=tHoS0CvdVsoblssfaRYUSu.0;server=general0100000B;cloudType=Consumer;environment=Prod_SoutheastAsia_000j;migrationStage=NotStarted}
